2026-04-25 21:47:25,252 [JARVIS] INFO: Initialising JARVIS…
2026-04-25 21:47:25,315 [JARVIS.TTS] INFO: TTS backend: pyttsx3 (fallback)
2026-04-25 21:47:25,385 [JARVIS.STT] INFO: STT backend: whispercpp
2026-04-25 21:47:26,284 [JARVIS.STT] INFO: STT calibrated — energy threshold: 133
2026-04-25 21:47:26,293 [JARVIS.Context] INFO: New context session: 00ec40f8-95d5-4a27-8ca6-3932dd9e8e2f
2026-04-25 21:47:41,529 [JARVIS.WakeWord] WARNING: tflite model configured but tflite-runtime is not installed. Attempting: pip install tflite-runtime ...
2026-04-25 21:47:43,221 [JARVIS.WakeWord] WARNING: tflite-runtime install failed. Falling back to SpeechRecognition. Fix manually: pip install tflite-runtime
2026-04-25 21:47:43,221 [JARVIS.WakeWord] WARNING: openwakeword installed but runtime unavailable; falling back to SpeechRecognition.
2026-04-25 21:47:43,262 [JARVIS.WakeWord] INFO: Using SpeechRecognition fallback backend.
2026-04-25 21:47:43,262 [JARVIS] INFO: JARVIS initialised — Wake=sr_fallback, TTS=pyttsx3, STT=whispercpp
2026-04-25 21:47:45,989 [JARVIS.Reminder] INFO: Reminder scheduler started.
2026-04-25 21:47:45,991 [JARVIS.Reflection] INFO: Reflection engine started.
2026-04-25 21:47:45,992 [JARVIS.WakeWord] INFO: Wake word detector started (sr_fallback).
2026-04-25 21:47:45,992 [JARVIS] INFO: JARVIS is online.
2026-04-25 21:47:46,521 [JARVIS.WakeWord] INFO: SR fallback stream open. Listening for: 'jarvis'
2026-04-25 21:47:46,521 [JARVIS.WakeWord] INFO: Calibrating for ambient noise (1 s)…
2026-04-25 21:47:46,522 [JARVIS.WakeWord] WARNING: Ambient calibration skipped: Source must be an audio source
2026-04-25 21:47:46,812 [comtypes.client._code_cache] INFO: Imported existing <module 'comtypes.gen' from 'C:\\Users\\umesh\\AppData\\Local\\Packages\\PythonSoftwareFoundation.Python.3.13_qbz5n2kfra8p0\\LocalCache\\local-packages\\Python313\\site-packages\\comtypes\\gen\\__init__.py'>
2026-04-25 21:47:46,813 [comtypes.client._code_cache] INFO: Using writeable comtypes cache directory: 'C:\Users\umesh\AppData\Local\Packages\PythonSoftwareFoundation.Python.3.13_qbz5n2kfra8p0\LocalCache\local-packages\Python313\site-packages\comtypes\gen'
2026-04-25 21:48:01,505 [JARVIS.Intent] INFO: Intent matched: volume up|increase volume|louder
2026-04-25 21:48:02,937 [JARVIS.MediaControl] INFO: Volume up: 50% → 60%
2026-04-25 21:48:15,450 [JARVIS.Intent] INFO: Intent matched: ^(?:set(?: a)?|add(?: a)?) reminder$
2026-04-25 21:48:18,545 [JARVIS.Intent] INFO: Intent matched: play(?: music)?(?: (.+))?
2026-04-25 21:48:18,624 [JARVIS.BrowserControl] INFO: Opened URL: https://www.youtube.com/watch?v=jfKfPfyJRdk
2026-04-25 21:48:22,073 [JARVIS.Intent] INFO: Intent matched: volume up|increase volume|louder
2026-04-25 21:48:22,624 [JARVIS.Intent] INFO: Intent matched: open (.+)
2026-04-25 21:48:22,628 [JARVIS.AppControl] INFO: Opened: chrome (C:\Program Files\Google\Chrome\Application\chrome.exe)
2026-04-25 21:48:22,887 [JARVIS.MediaControl] INFO: Volume up: 50% → 60%
2026-04-25 21:48:24,929 [JARVIS.Intent] INFO: Intent matched: ^take a note$
2026-04-25 21:48:25,552 [JARVIS.Intent] INFO: Intent matched: take a screenshot|screenshot
2026-04-25 21:48:25,867 [JARVIS.SystemControl] INFO: Screenshot saved: C:\Users\umesh\Desktop\JARVIS_Screenshots\screenshot_20260425_214825.png
2026-04-25 21:48:54,901 [JARVIS.Intent] INFO: Intent matched: activate (.+?) mode
2026-04-25 21:48:54,911 [JARVIS.AppControl] INFO: Opened via shell: photoshop
2026-04-25 21:48:54,915 [JARVIS.AppControl] INFO: Opened: chrome (C:\Program Files\Google\Chrome\Application\chrome.exe)
2026-04-25 21:48:54,936 [JARVIS.BrowserControl] INFO: Opened URL: https://elements.envato.com
2026-04-25 21:48:54,971 [JARVIS.BrowserControl] INFO: Opened URL: https://www.freepik.com
2026-04-25 21:48:55,025 [JARVIS.BrowserControl] INFO: Opened URL: https://www.pinterest.com
2026-04-25 21:48:55,058 [JARVIS.BrowserControl] INFO: Opened URL: https://open.spotify.com/playlist/37i9dQZF1DX8Uebhn9wzrS
2026-04-25 21:48:55,064 [JARVIS.Modes] INFO: Mode activated: design
2026-04-25 21:49:20,242 [JARVIS.Intent] INFO: Intent matched: status|system status
2026-04-25 21:49:26,751 [JARVIS.WakeWord] INFO: Wake word paused.
2026-04-25 21:49:27,727 [JARVIS.WakeWord] INFO: Wake word activated.
2026-04-26 02:19:11,175 [JARVIS] INFO: Initialising JARVIS…
2026-04-26 02:19:11,252 [JARVIS.TTS] INFO: TTS backend: pyttsx3 (fallback)
2026-04-26 02:19:11,335 [JARVIS.STT] INFO: STT backend: whispercpp
2026-04-26 02:19:12,327 [JARVIS.STT] INFO: STT calibrated — energy threshold: 135
2026-04-26 02:19:12,341 [JARVIS.Context] INFO: New context session: ae6d1a7b-3745-4a22-b93c-e442a5e2fdbb
2026-04-26 02:19:27,208 [JARVIS.WakeWord] WARNING: tflite model configured but tflite-runtime is not installed. Attempting: pip install tflite-runtime ...
2026-04-26 02:19:28,605 [JARVIS.WakeWord] WARNING: tflite-runtime install failed. Falling back to SpeechRecognition. Fix manually: pip install tflite-runtime
2026-04-26 02:19:28,605 [JARVIS.WakeWord] WARNING: openwakeword installed but runtime unavailable; falling back to SpeechRecognition.
2026-04-26 02:19:28,654 [JARVIS.WakeWord] INFO: Using SpeechRecognition fallback backend.
2026-04-26 02:19:28,654 [JARVIS] INFO: JARVIS initialised — Wake=sr_fallback, TTS=pyttsx3, STT=whispercpp
2026-04-26 02:19:29,816 [JARVIS.Reminder] INFO: Reminder scheduler started.
2026-04-26 02:19:29,816 [JARVIS.Reflection] INFO: Reflection engine started.
2026-04-26 02:19:29,817 [JARVIS.WakeWord] INFO: Wake word detector started (sr_fallback).
2026-04-26 02:19:29,817 [JARVIS] INFO: JARVIS is online.
2026-04-26 02:19:30,090 [JARVIS.WakeWord] INFO: SR fallback listening for wake word: 'jarvis'
2026-04-26 02:19:30,091 [JARVIS.WakeWord] WARNING: SR fallback calibration failed: Source must be an audio source
2026-04-26 02:19:30,391 [comtypes.client._code_cache] INFO: Imported existing <module 'comtypes.gen' from 'C:\\Users\\umesh\\AppData\\Local\\Packages\\PythonSoftwareFoundation.Python.3.13_qbz5n2kfra8p0\\LocalCache\\local-packages\\Python313\\site-packages\\comtypes\\gen\\__init__.py'>
2026-04-26 02:19:30,391 [comtypes.client._code_cache] INFO: Using writeable comtypes cache directory: 'C:\Users\umesh\AppData\Local\Packages\PythonSoftwareFoundation.Python.3.13_qbz5n2kfra8p0\LocalCache\local-packages\Python313\site-packages\comtypes\gen'
2026-04-26 02:19:31,230 [JARVIS.WakeWord] INFO: SR fallback listening for wake word: 'jarvis'
2026-04-26 02:19:31,230 [JARVIS.WakeWord] WARNING: SR fallback calibration failed: Source must be an audio source
2026-04-26 02:19:32,377 [JARVIS.WakeWord] INFO: SR fallback listening for wake word: 'jarvis'
2026-04-26 02:19:32,377 [JARVIS.WakeWord] WARNING: SR fallback calibration failed: Source must be an audio source
2026-04-26 02:19:33,504 [JARVIS.WakeWord] INFO: SR fallback listening for wake word: 'jarvis'
2026-04-26 02:19:33,505 [JARVIS.WakeWord] WARNING: SR fallback calibration failed: Source must be an audio source
2026-04-26 02:19:34,613 [JARVIS.WakeWord] INFO: SR fallback listening for wake word: 'jarvis'
2026-04-26 02:19:34,613 [JARVIS.WakeWord] WARNING: SR fallback calibration failed: Source must be an audio source
2026-04-26 02:19:35,737 [JARVIS.WakeWord] INFO: SR fallback listening for wake word: 'jarvis'
2026-04-26 02:19:35,737 [JARVIS.WakeWord] WARNING: SR fallback calibration failed: Source must be an audio source
2026-04-26 02:19:36,854 [JARVIS.WakeWord] INFO: SR fallback listening for wake word: 'jarvis'
2026-04-26 02:19:36,855 [JARVIS.WakeWord] WARNING: SR fallback calibration failed: Source must be an audio source
2026-04-26 02:19:37,990 [JARVIS.WakeWord] INFO: SR fallback listening for wake word: 'jarvis'
2026-04-26 02:19:37,990 [JARVIS.WakeWord] WARNING: SR fallback calibration failed: Source must be an audio source
2026-04-26 02:19:39,103 [JARVIS.WakeWord] INFO: SR fallback listening for wake word: 'jarvis'
2026-04-26 02:19:39,103 [JARVIS.WakeWord] WARNING: SR fallback calibration failed: Source must be an audio source
2026-04-26 02:19:40,244 [JARVIS.WakeWord] INFO: SR fallback listening for wake word: 'jarvis'
2026-04-26 02:19:40,245 [JARVIS.WakeWord] WARNING: SR fallback calibration failed: Source must be an audio source
2026-04-26 02:19:41,383 [JARVIS.WakeWord] INFO: SR fallback listening for wake word: 'jarvis'
2026-04-26 02:19:41,383 [JARVIS.WakeWord] WARNING: SR fallback calibration failed: Source must be an audio source
2026-04-26 02:19:42,514 [JARVIS.WakeWord] INFO: SR fallback listening for wake word: 'jarvis'
2026-04-26 02:19:42,514 [JARVIS.WakeWord] WARNING: SR fallback calibration failed: Source must be an audio source
2026-04-26 02:19:42,630 [JARVIS.WakeWord] INFO: Wake word paused.
2026-04-26 02:19:43,630 [JARVIS.WakeWord] INFO: SR fallback listening for wake word: 'jarvis'
2026-04-26 02:19:43,630 [JARVIS.WakeWord] WARNING: SR fallback calibration failed: Source must be an audio source
2026-04-26 02:19:44,744 [JARVIS.WakeWord] INFO: SR fallback listening for wake word: 'jarvis'
2026-04-26 02:19:44,745 [JARVIS.WakeWord] WARNING: SR fallback calibration failed: Source must be an audio source
2026-04-26 02:19:45,882 [JARVIS.WakeWord] INFO: SR fallback listening for wake word: 'jarvis'
2026-04-26 02:19:45,883 [JARVIS.WakeWord] WARNING: SR fallback calibration failed: Source must be an audio source
2026-04-26 02:19:47,004 [JARVIS.WakeWord] INFO: SR fallback listening for wake word: 'jarvis'
2026-04-26 02:19:47,004 [JARVIS.WakeWord] WARNING: SR fallback calibration failed: Source must be an audio source
2026-04-26 02:19:47,506 [JARVIS.WakeWord] INFO: Wake word activated.
2026-04-26 02:19:48,118 [JARVIS.WakeWord] INFO: SR fallback listening for wake word: 'jarvis'
2026-04-26 02:19:48,119 [JARVIS.WakeWord] WARNING: SR fallback calibration failed: Source must be an audio source
2026-04-26 02:19:49,251 [JARVIS.WakeWord] INFO: SR fallback listening for wake word: 'jarvis'
2026-04-26 02:19:49,251 [JARVIS.WakeWord] WARNING: SR fallback calibration failed: Source must be an audio source
2026-04-26 02:19:50,382 [JARVIS.WakeWord] INFO: SR fallback listening for wake word: 'jarvis'
2026-04-26 02:19:50,383 [JARVIS.WakeWord] WARNING: SR fallback calibration failed: Source must be an audio source
2026-04-26 02:19:50,712 [JARVIS.Intent] INFO: Intent matched: volume up|increase volume|louder
2026-04-26 02:19:51,575 [JARVIS.WakeWord] INFO: SR fallback listening for wake word: 'jarvis'
2026-04-26 02:19:51,575 [JARVIS.WakeWord] WARNING: SR fallback calibration failed: Source must be an audio source
2026-04-26 02:19:51,852 [JARVIS.MediaControl] INFO: Volume up: 50% → 60%
2026-04-26 02:19:52,692 [JARVIS.WakeWord] INFO: SR fallback listening for wake word: 'jarvis'
2026-04-26 02:19:52,692 [JARVIS.WakeWord] WARNING: SR fallback calibration failed: Source must be an audio source
2026-04-26 02:19:53,840 [JARVIS.WakeWord] INFO: SR fallback listening for wake word: 'jarvis'
2026-04-26 02:19:53,840 [JARVIS.WakeWord] WARNING: SR fallback calibration failed: Source must be an audio source
2026-04-26 02:19:54,024 [JARVIS.Intent] INFO: Intent matched: play(?: music)?(?: (.+))?
2026-04-26 02:19:54,108 [JARVIS.BrowserControl] INFO: Opened URL: https://www.youtube.com/watch?v=jfKfPfyJRdk
2026-04-26 02:19:54,988 [JARVIS.WakeWord] INFO: SR fallback listening for wake word: 'jarvis'
2026-04-26 02:19:54,988 [JARVIS.WakeWord] WARNING: SR fallback calibration failed: Source must be an audio source
2026-04-26 02:19:56,128 [JARVIS.WakeWord] INFO: SR fallback listening for wake word: 'jarvis'
2026-04-26 02:19:56,128 [JARVIS.WakeWord] WARNING: SR fallback calibration failed: Source must be an audio source
2026-04-26 02:19:57,279 [JARVIS.WakeWord] INFO: SR fallback listening for wake word: 'jarvis'
2026-04-26 02:19:57,280 [JARVIS.WakeWord] WARNING: SR fallback calibration failed: Source must be an audio source
2026-04-26 02:19:58,411 [JARVIS.WakeWord] INFO: SR fallback listening for wake word: 'jarvis'
2026-04-26 02:19:58,412 [JARVIS.WakeWord] WARNING: SR fallback calibration failed: Source must be an audio source
2026-04-26 02:19:59,534 [JARVIS.WakeWord] INFO: SR fallback listening for wake word: 'jarvis'
2026-04-26 02:19:59,534 [JARVIS.WakeWord] WARNING: SR fallback calibration failed: Source must be an audio source
2026-04-26 02:20:00,661 [JARVIS.WakeWord] INFO: SR fallback listening for wake word: 'jarvis'
2026-04-26 02:20:00,661 [JARVIS.WakeWord] WARNING: SR fallback calibration failed: Source must be an audio source
2026-04-26 02:20:01,821 [JARVIS.WakeWord] INFO: SR fallback listening for wake word: 'jarvis'
2026-04-26 02:20:01,822 [JARVIS.WakeWord] WARNING: SR fallback calibration failed: Source must be an audio source
2026-04-26 02:20:02,950 [JARVIS.WakeWord] INFO: SR fallback listening for wake word: 'jarvis'
2026-04-26 02:20:02,950 [JARVIS.WakeWord] WARNING: SR fallback calibration failed: Source must be an audio source
2026-04-26 02:20:04,092 [JARVIS.WakeWord] INFO: SR fallback listening for wake word: 'jarvis'
2026-04-26 02:20:04,092 [JARVIS.WakeWord] WARNING: SR fallback calibration failed: Source must be an audio source
2026-04-26 02:20:05,217 [JARVIS.WakeWord] INFO: SR fallback listening for wake word: 'jarvis'
2026-04-26 02:20:05,217 [JARVIS.WakeWord] WARNING: SR fallback calibration failed: Source must be an audio source
2026-04-26 02:20:06,357 [JARVIS.WakeWord] INFO: SR fallback listening for wake word: 'jarvis'
2026-04-26 02:20:06,358 [JARVIS.WakeWord] WARNING: SR fallback calibration failed: Source must be an audio source
2026-04-26 02:20:06,866 [JARVIS.Intent] INFO: No intent matched for: 'exit'
2026-04-26 02:20:07,474 [JARVIS.WakeWord] INFO: SR fallback listening for wake word: 'jarvis'
2026-04-26 02:20:07,475 [JARVIS.WakeWord] WARNING: SR fallback calibration failed: Source must be an audio source
2026-04-26 02:20:08,603 [JARVIS.WakeWord] INFO: SR fallback listening for wake word: 'jarvis'
2026-04-26 02:20:08,603 [JARVIS.WakeWord] WARNING: SR fallback calibration failed: Source must be an audio source
2026-04-26 02:20:09,799 [JARVIS.WakeWord] INFO: SR fallback listening for wake word: 'jarvis'
2026-04-26 02:20:09,815 [JARVIS.WakeWord] WARNING: SR fallback calibration failed: Source must be an audio source
2026-04-26 02:20:10,959 [JARVIS.WakeWord] INFO: SR fallback listening for wake word: 'jarvis'
2026-04-26 02:20:10,959 [JARVIS.WakeWord] WARNING: SR fallback calibration failed: Source must be an audio source
2026-04-26 02:20:12,083 [JARVIS.WakeWord] INFO: SR fallback listening for wake word: 'jarvis'
2026-04-26 02:20:12,083 [JARVIS.WakeWord] WARNING: SR fallback calibration failed: Source must be an audio source
2026-04-26 02:20:13,206 [JARVIS.WakeWord] INFO: SR fallback listening for wake word: 'jarvis'
2026-04-26 02:20:13,207 [JARVIS.WakeWord] WARNING: SR fallback calibration failed: Source must be an audio source
2026-04-26 02:20:14,338 [JARVIS.WakeWord] INFO: SR fallback listening for wake word: 'jarvis'
2026-04-26 02:20:14,338 [JARVIS.WakeWord] WARNING: SR fallback calibration failed: Source must be an audio source
2026-04-26 02:20:15,459 [JARVIS.WakeWord] INFO: SR fallback listening for wake word: 'jarvis'
2026-04-26 02:20:15,460 [JARVIS.WakeWord] WARNING: SR fallback calibration failed: Source must be an audio source
2026-04-26 02:20:16,586 [JARVIS.WakeWord] INFO: SR fallback listening for wake word: 'jarvis'
2026-04-26 02:20:16,586 [JARVIS.WakeWord] WARNING: SR fallback calibration failed: Source must be an audio source
2026-04-26 02:20:17,776 [JARVIS.WakeWord] INFO: SR fallback listening for wake word: 'jarvis'
2026-04-26 02:20:17,791 [JARVIS.WakeWord] WARNING: SR fallback calibration failed: Source must be an audio source
2026-04-26 02:20:18,946 [JARVIS.WakeWord] INFO: SR fallback listening for wake word: 'jarvis'
2026-04-26 02:20:18,946 [JARVIS.WakeWord] WARNING: SR fallback calibration failed: Source must be an audio source
2026-04-26 02:20:20,066 [JARVIS.WakeWord] INFO: SR fallback listening for wake word: 'jarvis'
2026-04-26 02:20:20,066 [JARVIS.WakeWord] WARNING: SR fallback calibration failed: Source must be an audio source
2026-04-26 02:20:21,200 [JARVIS.WakeWord] INFO: SR fallback listening for wake word: 'jarvis'
2026-04-26 02:20:21,200 [JARVIS.WakeWord] WARNING: SR fallback calibration failed: Source must be an audio source
2026-04-26 02:20:22,330 [JARVIS.WakeWord] INFO: SR fallback listening for wake word: 'jarvis'
2026-04-26 02:20:22,330 [JARVIS.WakeWord] WARNING: SR fallback calibration failed: Source must be an audio source
2026-04-26 02:20:23,454 [JARVIS.WakeWord] INFO: SR fallback listening for wake word: 'jarvis'
2026-04-26 02:20:23,455 [JARVIS.WakeWord] WARNING: SR fallback calibration failed: Source must be an audio source
2026-04-26 02:20:24,591 [JARVIS.WakeWord] INFO: SR fallback listening for wake word: 'jarvis'
2026-04-26 02:20:24,591 [JARVIS.WakeWord] WARNING: SR fallback calibration failed: Source must be an audio source
2026-04-26 02:20:25,779 [JARVIS.WakeWord] INFO: SR fallback listening for wake word: 'jarvis'
2026-04-26 02:20:25,811 [JARVIS.WakeWord] WARNING: SR fallback calibration failed: Source must be an audio source
2026-04-26 02:20:26,963 [JARVIS.WakeWord] INFO: SR fallback listening for wake word: 'jarvis'
2026-04-26 02:20:26,963 [JARVIS.WakeWord] WARNING: SR fallback calibration failed: Source must be an audio source
2026-04-26 02:20:28,091 [JARVIS.WakeWord] INFO: SR fallback listening for wake word: 'jarvis'
2026-04-26 02:20:28,091 [JARVIS.WakeWord] WARNING: SR fallback calibration failed: Source must be an audio source
2026-04-26 02:20:29,224 [JARVIS.WakeWord] INFO: SR fallback listening for wake word: 'jarvis'
2026-04-26 02:20:29,225 [JARVIS.WakeWord] WARNING: SR fallback calibration failed: Source must be an audio source
2026-04-26 02:20:30,366 [JARVIS.WakeWord] INFO: SR fallback listening for wake word: 'jarvis'
2026-04-26 02:20:30,366 [JARVIS.WakeWord] WARNING: SR fallback calibration failed: Source must be an audio source
2026-04-26 02:20:31,484 [JARVIS.WakeWord] INFO: SR fallback listening for wake word: 'jarvis'
2026-04-26 02:20:31,484 [JARVIS.WakeWord] WARNING: SR fallback calibration failed: Source must be an audio source
2026-04-26 02:20:32,602 [JARVIS.WakeWord] INFO: SR fallback listening for wake word: 'jarvis'
2026-04-26 02:20:32,602 [JARVIS.WakeWord] WARNING: SR fallback calibration failed: Source must be an audio source
2026-04-26 02:20:33,794 [JARVIS.WakeWord] INFO: SR fallback listening for wake word: 'jarvis'
2026-04-26 02:20:33,808 [JARVIS.WakeWord] WARNING: SR fallback calibration failed: Source must be an audio source
2026-04-26 02:20:34,957 [JARVIS.WakeWord] INFO: SR fallback listening for wake word: 'jarvis'
2026-04-26 02:20:34,958 [JARVIS.WakeWord] WARNING: SR fallback calibration failed: Source must be an audio source
2026-04-26 02:20:36,090 [JARVIS.WakeWord] INFO: SR fallback listening for wake word: 'jarvis'
2026-04-26 02:20:36,090 [JARVIS.WakeWord] WARNING: SR fallback calibration failed: Source must be an audio source
2026-04-26 02:20:37,230 [JARVIS.WakeWord] INFO: SR fallback listening for wake word: 'jarvis'
2026-04-26 02:20:37,230 [JARVIS.WakeWord] WARNING: SR fallback calibration failed: Source must be an audio source
2026-04-26 02:20:38,357 [JARVIS.WakeWord] INFO: SR fallback listening for wake word: 'jarvis'
2026-04-26 02:20:38,357 [JARVIS.WakeWord] WARNING: SR fallback calibration failed: Source must be an audio source
2026-04-26 02:20:39,488 [JARVIS.WakeWord] INFO: SR fallback listening for wake word: 'jarvis'
2026-04-26 02:20:39,488 [JARVIS.WakeWord] WARNING: SR fallback calibration failed: Source must be an audio source
2026-04-26 02:20:40,605 [JARVIS.WakeWord] INFO: SR fallback listening for wake word: 'jarvis'
2026-04-26 02:20:40,606 [JARVIS.WakeWord] WARNING: SR fallback calibration failed: Source must be an audio source
2026-04-26 02:20:41,816 [JARVIS.WakeWord] INFO: SR fallback listening for wake word: 'jarvis'
2026-04-26 02:20:41,829 [JARVIS.WakeWord] WARNING: SR fallback calibration failed: Source must be an audio source
2026-04-26 02:20:42,967 [JARVIS.WakeWord] INFO: SR fallback listening for wake word: 'jarvis'
2026-04-26 02:20:42,967 [JARVIS.WakeWord] WARNING: SR fallback calibration failed: Source must be an audio source
2026-04-26 02:20:44,113 [JARVIS.WakeWord] INFO: SR fallback listening for wake word: 'jarvis'
2026-04-26 02:20:44,113 [JARVIS.WakeWord] WARNING: SR fallback calibration failed: Source must be an audio source
2026-04-26 02:20:45,276 [JARVIS.WakeWord] INFO: SR fallback listening for wake word: 'jarvis'
2026-04-26 02:20:45,276 [JARVIS.WakeWord] WARNING: SR fallback calibration failed: Source must be an audio source
2026-04-26 02:20:46,411 [JARVIS.WakeWord] INFO: SR fallback listening for wake word: 'jarvis'
2026-04-26 02:20:46,412 [JARVIS.WakeWord] WARNING: SR fallback calibration failed: Source must be an audio source
2026-04-26 02:20:47,556 [JARVIS.WakeWord] INFO: SR fallback listening for wake word: 'jarvis'
2026-04-26 02:20:47,556 [JARVIS.WakeWord] WARNING: SR fallback calibration failed: Source must be an audio source
2026-04-26 02:20:48,684 [JARVIS.WakeWord] INFO: SR fallback listening for wake word: 'jarvis'
2026-04-26 02:20:48,684 [JARVIS.WakeWord] WARNING: SR fallback calibration failed: Source must be an audio source
2026-04-26 02:20:49,854 [JARVIS.WakeWord] INFO: SR fallback listening for wake word: 'jarvis'
2026-04-26 02:20:49,854 [JARVIS.WakeWord] WARNING: SR fallback calibration failed: Source must be an audio source
2026-04-26 02:20:50,984 [JARVIS.WakeWord] INFO: SR fallback listening for wake word: 'jarvis'
2026-04-26 02:20:50,984 [JARVIS.WakeWord] WARNING: SR fallback calibration failed: Source must be an audio source
2026-04-26 02:20:52,130 [JARVIS.WakeWord] INFO: SR fallback listening for wake word: 'jarvis'
2026-04-26 02:20:52,131 [JARVIS.WakeWord] WARNING: SR fallback calibration failed: Source must be an audio source
2026-04-26 02:20:53,263 [JARVIS.WakeWord] INFO: SR fallback listening for wake word: 'jarvis'
2026-04-26 02:20:53,264 [JARVIS.WakeWord] WARNING: SR fallback calibration failed: Source must be an audio source
2026-04-26 02:20:54,391 [JARVIS.WakeWord] INFO: SR fallback listening for wake word: 'jarvis'
2026-04-26 02:20:54,392 [JARVIS.WakeWord] WARNING: SR fallback calibration failed: Source must be an audio source
2026-04-26 02:20:55,511 [JARVIS.WakeWord] INFO: SR fallback listening for wake word: 'jarvis'
2026-04-26 02:20:55,511 [JARVIS.WakeWord] WARNING: SR fallback calibration failed: Source must be an audio source
2026-04-26 02:20:56,646 [JARVIS.WakeWord] INFO: SR fallback listening for wake word: 'jarvis'
2026-04-26 02:20:56,647 [JARVIS.WakeWord] WARNING: SR fallback calibration failed: Source must be an audio source
2026-04-26 02:20:57,831 [JARVIS.WakeWord] INFO: SR fallback listening for wake word: 'jarvis'
2026-04-26 02:20:57,860 [JARVIS.WakeWord] WARNING: SR fallback calibration failed: Source must be an audio source
2026-04-26 02:20:58,988 [JARVIS.WakeWord] INFO: SR fallback listening for wake word: 'jarvis'
2026-04-26 02:20:58,988 [JARVIS.WakeWord] WARNING: SR fallback calibration failed: Source must be an audio source
2026-04-26 02:21:00,154 [JARVIS.WakeWord] INFO: SR fallback listening for wake word: 'jarvis'
2026-04-26 02:21:00,154 [JARVIS.WakeWord] WARNING: SR fallback calibration failed: Source must be an audio source
2026-04-26 02:21:01,300 [JARVIS.WakeWord] INFO: SR fallback listening for wake word: 'jarvis'
2026-04-26 02:21:01,301 [JARVIS.WakeWord] WARNING: SR fallback calibration failed: Source must be an audio source
2026-04-26 02:21:02,452 [JARVIS.WakeWord] INFO: SR fallback listening for wake word: 'jarvis'
2026-04-26 02:21:02,453 [JARVIS.WakeWord] WARNING: SR fallback calibration failed: Source must be an audio source
2026-04-26 02:21:03,604 [JARVIS.WakeWord] INFO: SR fallback listening for wake word: 'jarvis'
2026-04-26 02:21:03,604 [JARVIS.WakeWord] WARNING: SR fallback calibration failed: Source must be an audio source
2026-04-26 02:21:04,735 [JARVIS.WakeWord] INFO: SR fallback listening for wake word: 'jarvis'
2026-04-26 02:21:04,735 [JARVIS.WakeWord] WARNING: SR fallback calibration failed: Source must be an audio source
2026-04-26 02:21:05,915 [JARVIS.WakeWord] INFO: SR fallback listening for wake word: 'jarvis'
2026-04-26 02:21:05,915 [JARVIS.WakeWord] WARNING: SR fallback calibration failed: Source must be an audio source
2026-04-26 02:21:07,043 [JARVIS.WakeWord] INFO: SR fallback listening for wake word: 'jarvis'
2026-04-26 02:21:07,043 [JARVIS.WakeWord] WARNING: SR fallback calibration failed: Source must be an audio source
2026-04-26 02:21:08,183 [JARVIS.WakeWord] INFO: SR fallback listening for wake word: 'jarvis'
2026-04-26 02:21:08,183 [JARVIS.WakeWord] WARNING: SR fallback calibration failed: Source must be an audio source
2026-04-26 02:21:09,337 [JARVIS.WakeWord] INFO: SR fallback listening for wake word: 'jarvis'
2026-04-26 02:21:09,337 [JARVIS.WakeWord] WARNING: SR fallback calibration failed: Source must be an audio source
2026-04-26 02:21:10,462 [JARVIS.WakeWord] INFO: SR fallback listening for wake word: 'jarvis'
2026-04-26 02:21:10,462 [JARVIS.WakeWord] WARNING: SR fallback calibration failed: Source must be an audio source
2026-04-26 02:21:11,605 [JARVIS.WakeWord] INFO: SR fallback listening for wake word: 'jarvis'
2026-04-26 02:21:11,605 [JARVIS.WakeWord] WARNING: SR fallback calibration failed: Source must be an audio source
2026-04-26 02:21:12,728 [JARVIS.WakeWord] INFO: SR fallback listening for wake word: 'jarvis'
2026-04-26 02:21:12,729 [JARVIS.WakeWord] WARNING: SR fallback calibration failed: Source must be an audio source
2026-04-26 02:21:13,894 [JARVIS.WakeWord] INFO: SR fallback listening for wake word: 'jarvis'
2026-04-26 02:21:13,894 [JARVIS.WakeWord] WARNING: SR fallback calibration failed: Source must be an audio source
2026-04-26 02:21:15,034 [JARVIS.WakeWord] INFO: SR fallback listening for wake word: 'jarvis'
2026-04-26 02:21:15,034 [JARVIS.WakeWord] WARNING: SR fallback calibration failed: Source must be an audio source
2026-04-26 02:21:16,165 [JARVIS.WakeWord] INFO: SR fallback listening for wake word: 'jarvis'
2026-04-26 02:21:16,166 [JARVIS.WakeWord] WARNING: SR fallback calibration failed: Source must be an audio source
2026-04-26 02:21:17,314 [JARVIS.WakeWord] INFO: SR fallback listening for wake word: 'jarvis'
2026-04-26 02:21:17,314 [JARVIS.WakeWord] WARNING: SR fallback calibration failed: Source must be an audio source
2026-04-26 02:21:18,461 [JARVIS.WakeWord] INFO: SR fallback listening for wake word: 'jarvis'
2026-04-26 02:21:18,461 [JARVIS.WakeWord] WARNING: SR fallback calibration failed: Source must be an audio source
2026-04-26 02:21:19,590 [JARVIS.WakeWord] INFO: SR fallback listening for wake word: 'jarvis'
2026-04-26 02:21:19,590 [JARVIS.WakeWord] WARNING: SR fallback calibration failed: Source must be an audio source
2026-04-26 02:21:20,744 [JARVIS.WakeWord] INFO: SR fallback listening for wake word: 'jarvis'
2026-04-26 02:21:20,744 [JARVIS.WakeWord] WARNING: SR fallback calibration failed: Source must be an audio source
2026-04-26 02:21:21,897 [JARVIS.WakeWord] INFO: SR fallback listening for wake word: 'jarvis'
2026-04-26 02:21:21,897 [JARVIS.WakeWord] WARNING: SR fallback calibration failed: Source must be an audio source
2026-04-26 02:21:23,018 [JARVIS.WakeWord] INFO: SR fallback listening for wake word: 'jarvis'
2026-04-26 02:21:23,018 [JARVIS.WakeWord] WARNING: SR fallback calibration failed: Source must be an audio source
2026-04-26 02:27:28,671 [JARVIS] INFO: Initialising JARVIS…
2026-04-26 02:27:28,676 [JARVIS.TTS] INFO: TTS backend: pyttsx3 (fallback)
2026-04-26 02:27:28,727 [JARVIS.STT] INFO: STT backend: whispercpp
2026-04-26 02:27:29,417 [JARVIS.STT] INFO: STT calibrated — energy threshold: 139
2026-04-26 02:27:29,419 [JARVIS.Context] INFO: New context session: 70071718-068b-4e72-8d93-3b37350ec158
2026-04-26 02:27:29,432 [JARVIS] INFO: JARVIS initialised — Wake=sr_fallback, TTS=pyttsx3, STT=whispercpp
2026-04-26 02:27:30,485 [JARVIS.Reminder] INFO: Reminder scheduler started.
2026-04-26 02:27:30,486 [JARVIS.Reflection] INFO: Reflection engine started.
2026-04-26 02:27:30,486 [JARVIS.WakeWord] INFO: Wake word detector started (sr_fallback).
2026-04-26 02:27:30,487 [JARVIS] INFO: JARVIS is online.
2026-04-26 02:27:30,731 [comtypes.client._code_cache] INFO: Imported existing <module 'comtypes.gen' from 'C:\\Users\\umesh\\AppData\\Local\\Packages\\PythonSoftwareFoundation.Python.3.13_qbz5n2kfra8p0\\LocalCache\\local-packages\\Python313\\site-packages\\comtypes\\gen\\__init__.py'>
2026-04-26 02:27:30,731 [comtypes.client._code_cache] INFO: Using writeable comtypes cache directory: 'C:\Users\umesh\AppData\Local\Packages\PythonSoftwareFoundation.Python.3.13_qbz5n2kfra8p0\LocalCache\local-packages\Python313\site-packages\comtypes\gen'
2026-04-26 02:27:31,198 [JARVIS.WakeWord] INFO: SR fallback energy threshold: 114
2026-04-26 02:27:31,198 [JARVIS.WakeWord] INFO: SR fallback listening for wake word: 'jarvis'
2026-04-26 02:27:49,186 [JARVIS.Intent] INFO: Intent matched: what time is it
2026-04-26 02:28:18,177 [JARVIS] INFO: Initialising JARVIS…
2026-04-26 02:28:18,199 [JARVIS.TTS] INFO: TTS backend: pyttsx3 (fallback)
2026-04-26 02:28:18,266 [JARVIS.STT] INFO: STT backend: whispercpp
2026-04-26 02:28:18,958 [JARVIS.STT] INFO: STT calibrated — energy threshold: 134
2026-04-26 02:28:18,965 [JARVIS.Context] INFO: New context session: 33e27d1a-b596-47f9-a1d4-8600cf4e7140
2026-04-26 02:28:18,978 [JARVIS] INFO: JARVIS initialised — Wake=sr_fallback, TTS=pyttsx3, STT=whispercpp
2026-04-26 02:28:19,936 [JARVIS.Reminder] INFO: Reminder scheduler started.
2026-04-26 02:28:19,937 [JARVIS.Reflection] INFO: Reflection engine started.
2026-04-26 02:28:19,938 [JARVIS.WakeWord] INFO: Wake word detector started (sr_fallback).
2026-04-26 02:28:19,938 [JARVIS] INFO: JARVIS is online.
2026-04-26 02:28:20,174 [comtypes.client._code_cache] INFO: Imported existing <module 'comtypes.gen' from 'C:\\Users\\umesh\\AppData\\Local\\Packages\\PythonSoftwareFoundation.Python.3.13_qbz5n2kfra8p0\\LocalCache\\local-packages\\Python313\\site-packages\\comtypes\\gen\\__init__.py'>
2026-04-26 02:28:20,175 [comtypes.client._code_cache] INFO: Using writeable comtypes cache directory: 'C:\Users\umesh\AppData\Local\Packages\PythonSoftwareFoundation.Python.3.13_qbz5n2kfra8p0\LocalCache\local-packages\Python313\site-packages\comtypes\gen'
2026-04-26 02:28:20,648 [JARVIS.WakeWord] INFO: SR fallback energy threshold: 118
2026-04-26 02:28:20,648 [JARVIS.WakeWord] INFO: SR fallback listening for wake word: 'jarvis'
2026-04-26 02:28:26,562 [JARVIS.Intent] INFO: No intent matched for: 'close'
2026-04-26 02:28:29,183 [JARVIS.Intent] INFO: No intent matched for: 'exit'
2026-04-26 02:28:38,319 [JARVIS.Intent] INFO: Intent matched: what time is it
2026-04-26 02:28:59,878 [JARVIS.Intent] INFO: Intent matched: open (.+)
2026-04-26 02:28:59,886 [JARVIS.AppControl] INFO: Opened via shell: photoshop
2026-04-26 02:29:15,885 [JARVIS.Intent] INFO: Intent matched: open (.+)
2026-04-26 02:29:15,895 [JARVIS.AppControl] INFO: Opened via shell: preimere pro
2026-04-26 02:29:36,334 [JARVIS.Intent] INFO: Intent matched: open (.+)
2026-04-26 02:29:36,342 [JARVIS.AppControl] INFO: Opened via shell: premiere pro
2026-04-26 02:46:33,702 [JARVIS] INFO: Initialising JARVIS…
2026-04-26 02:46:33,707 [JARVIS.TTS] INFO: TTS backend: pyttsx3 (fallback)
2026-04-26 02:46:33,760 [JARVIS.STT] INFO: STT backend: whispercpp
2026-04-26 02:46:34,449 [JARVIS.STT] INFO: STT calibrated — energy threshold: 133
2026-04-26 02:46:34,451 [JARVIS.Context] INFO: New context session: 984ad1f4-52e8-4e6c-9bf8-621ec2393e22
2026-04-26 02:46:34,464 [JARVIS] INFO: JARVIS initialised — Wake=sr_fallback, TTS=pyttsx3, STT=whispercpp
2026-04-26 02:46:35,441 [JARVIS.Reminder] INFO: Reminder scheduler started.
2026-04-26 02:46:35,442 [JARVIS.Reflection] INFO: Reflection engine started.
2026-04-26 02:46:35,442 [JARVIS.WakeWord] INFO: Wake word detector started (sr_fallback).
2026-04-26 02:46:35,442 [JARVIS] INFO: JARVIS is online.
2026-04-26 02:46:35,686 [comtypes.client._code_cache] INFO: Imported existing <module 'comtypes.gen' from 'C:\\Users\\umesh\\AppData\\Local\\Packages\\PythonSoftwareFoundation.Python.3.13_qbz5n2kfra8p0\\LocalCache\\local-packages\\Python313\\site-packages\\comtypes\\gen\\__init__.py'>
2026-04-26 02:46:35,687 [comtypes.client._code_cache] INFO: Using writeable comtypes cache directory: 'C:\Users\umesh\AppData\Local\Packages\PythonSoftwareFoundation.Python.3.13_qbz5n2kfra8p0\LocalCache\local-packages\Python313\site-packages\comtypes\gen'
2026-04-26 02:46:36,164 [JARVIS.WakeWord] INFO: SR fallback energy threshold: 118
2026-04-26 02:46:36,164 [JARVIS.WakeWord] INFO: SR fallback listening for wake word: 'jarvis'
2026-04-26 02:47:00,188 [JARVIS.WakeWord] INFO: Wake word paused.
2026-04-26 02:47:01,948 [JARVIS.WakeWord] INFO: Wake word activated.
2026-04-26 02:47:02,154 [JARVIS.WakeWord] INFO: SR fallback listening for wake word: 'jarvis'
2026-04-26 02:47:04,292 [JARVIS.Intent] INFO: Intent matched: activate (.+?) mode
2026-04-26 02:47:04,294 [JARVIS.Modes] INFO: Mode activated: standard
2026-04-26 02:47:11,307 [JARVIS.Intent] INFO: Intent matched: open (.+)
2026-04-26 02:47:11,310 [JARVIS.AppControl] INFO: Opened: chrome (C:\Program Files\Google\Chrome\Application\chrome.exe)
2026-04-26 02:47:13,894 [JARVIS.Intent] INFO: Intent matched: volume up|increase volume|louder
2026-04-26 02:47:14,995 [JARVIS.MediaControl] ERROR: Volume set failed: You cannot call a method on a null-valued expression.
At line:41 char:1
+ $enumerator.GetDefaultAudioEndpoint(0, 1, [ref]$device) | Out-Null
+ ~~~~~~~~~~~~~~~~~~~~~~~~~~~~~~~~~~~~~~~~~~~~~~~~~~~~~~~~~~~~~~~~~~
    + CategoryInfo          : InvalidOperation: (:) [], RuntimeException
    + FullyQualifiedErrorId : InvokeMethodOnNull
 
You cannot call a method on a null-valued expression.
At line:43 char:1
+ $device.Activate([System.Guid]"5CDF2C82-841E-4546-9722-0CF74078229A", ...
+ ~~~~~~~~~~~~~~~~~~~~~~~~~~~~~~~~~~~~~~~~~~~~~~~~~~~~~~~~~~~~~~~~~~~~~
    + CategoryInfo          : InvalidOperation: (:) [], RuntimeException
    + FullyQualifiedErrorId : InvokeMethodOnNull
 
You cannot call a method on a null-valued expression.
At line:45 char:1
+ $vol.SetMasterVolumeLevelScalar(0.1000, [System.Guid]::Empty) | Out-N ...
+ ~~~~~~~~~~~~~~~~~~~~~~~~~~~~~~~~~~~~~~~~~~~~~~~~~~~~~~~~~~~~~~~~~~~~~
    + CategoryInfo          : InvalidOperation: (:) [], RuntimeException
    + FullyQualifiedErrorId : InvokeMethodOnNull
2026-04-26 02:47:15,016 [JARVIS.MediaControl] INFO: Volume up: 0% → 10%
2026-04-26 02:47:33,948 [JARVIS.Intent] INFO: Intent matched: open (.+)
2026-04-26 02:47:33,962 [JARVIS.AppControl] INFO: Opened: vscode (C:\Users\umesh\AppData\Local\Programs\Microsoft VS Code\Code.exe)
2026-04-26 02:48:01,920 [JARVIS.Intent] INFO: Intent matched: open (.+)
2026-04-26 02:48:01,921 [JARVIS.AppControl] WARNING: Configured path for photoshop is missing: C:\Program Files\Adobe\Adobe Photoshop *\Photoshop.exe
2026-04-26 02:48:02,110 [JARVIS.AppControl] INFO: Opened: photoshop (C:\ProgramData\Microsoft\Windows\Start Menu\Programs\Adobe Photoshop (Beta).lnk)
2026-04-26 02:48:26,748 [JARVIS.Intent] INFO: Intent matched: close (.+)
2026-04-26 02:48:31,759 [JARVIS.AppControl] WARNING: Process did not exit after terminate: Photoshop.exe (pid=24728)
2026-04-26 02:48:36,733 [JARVIS.Intent] INFO: Intent matched: open (.+)
2026-04-26 02:48:36,916 [JARVIS.AppControl] INFO: Opened: illustrator (C:\ProgramData\Microsoft\Windows\Start Menu\Programs\Adobe Illustrator 2026.lnk)
2026-04-26 02:48:47,421 [JARVIS.Intent] INFO: Intent matched: volume up|increase volume|louder
2026-04-26 02:48:48,498 [JARVIS.MediaControl] ERROR: Volume set failed: You cannot call a method on a null-valued expression.
At line:41 char:1
+ $enumerator.GetDefaultAudioEndpoint(0, 1, [ref]$device) | Out-Null
+ ~~~~~~~~~~~~~~~~~~~~~~~~~~~~~~~~~~~~~~~~~~~~~~~~~~~~~~~~~~~~~~~~~~
    + CategoryInfo          : InvalidOperation: (:) [], RuntimeException
    + FullyQualifiedErrorId : InvokeMethodOnNull
 
You cannot call a method on a null-valued expression.
At line:43 char:1
+ $device.Activate([System.Guid]"5CDF2C82-841E-4546-9722-0CF74078229A", ...
+ ~~~~~~~~~~~~~~~~~~~~~~~~~~~~~~~~~~~~~~~~~~~~~~~~~~~~~~~~~~~~~~~~~~~~~
    + CategoryInfo          : InvalidOperation: (:) [], RuntimeException
    + FullyQualifiedErrorId : InvokeMethodOnNull
 
You cannot call a method on a null-valued expression.
At line:45 char:1
+ $vol.SetMasterVolumeLevelScalar(0.1000, [System.Guid]::Empty) | Out-N ...
+ ~~~~~~~~~~~~~~~~~~~~~~~~~~~~~~~~~~~~~~~~~~~~~~~~~~~~~~~~~~~~~~~~~~~~~
    + CategoryInfo          : InvalidOperation: (:) [], RuntimeException
    + FullyQualifiedErrorId : InvokeMethodOnNull
2026-04-26 02:48:48,499 [JARVIS.MediaControl] INFO: Volume up: 0% → 10%
2026-04-26 02:48:56,452 [JARVIS.Intent] INFO: Intent matched: volume up|increase volume|louder
2026-04-26 02:48:57,640 [JARVIS.MediaControl] ERROR: Volume set failed: You cannot call a method on a null-valued expression.
At line:41 char:1
+ $enumerator.GetDefaultAudioEndpoint(0, 1, [ref]$device) | Out-Null
+ ~~~~~~~~~~~~~~~~~~~~~~~~~~~~~~~~~~~~~~~~~~~~~~~~~~~~~~~~~~~~~~~~~~
    + CategoryInfo          : InvalidOperation: (:) [], RuntimeException
    + FullyQualifiedErrorId : InvokeMethodOnNull
 
You cannot call a method on a null-valued expression.
At line:43 char:1
+ $device.Activate([System.Guid]"5CDF2C82-841E-4546-9722-0CF74078229A", ...
+ ~~~~~~~~~~~~~~~~~~~~~~~~~~~~~~~~~~~~~~~~~~~~~~~~~~~~~~~~~~~~~~~~~~~~~
    + CategoryInfo          : InvalidOperation: (:) [], RuntimeException
    + FullyQualifiedErrorId : InvokeMethodOnNull
 
You cannot call a method on a null-valued expression.
At line:45 char:1
+ $vol.SetMasterVolumeLevelScalar(0.1000, [System.Guid]::Empty) | Out-N ...
+ ~~~~~~~~~~~~~~~~~~~~~~~~~~~~~~~~~~~~~~~~~~~~~~~~~~~~~~~~~~~~~~~~~~~~~
    + CategoryInfo          : InvalidOperation: (:) [], RuntimeException
    + FullyQualifiedErrorId : InvokeMethodOnNull
2026-04-26 02:48:57,641 [JARVIS.MediaControl] INFO: Volume up: 0% → 10%
2026-04-26 02:49:03,997 [JARVIS.Intent] INFO: Intent matched: mute|unmute
2026-04-26 02:49:05,664 [JARVIS.MediaControl] ERROR: Mute toggle failed: You cannot call a method on a null-valued expression.
At line:41 char:1
+ $enumerator.GetDefaultAudioEndpoint(0, 1, [ref]$device) | Out-Null
+ ~~~~~~~~~~~~~~~~~~~~~~~~~~~~~~~~~~~~~~~~~~~~~~~~~~~~~~~~~~~~~~~~~~
    + CategoryInfo          : InvalidOperation: (:) [], RuntimeException
    + FullyQualifiedErrorId : InvokeMethodOnNull
 
You cannot call a method on a null-valued expression.
At line:43 char:1
+ $device.Activate([System.Guid]"5CDF2C82-841E-4546-9722-0CF74078229A", ...
+ ~~~~~~~~~~~~~~~~~~~~~~~~~~~~~~~~~~~~~~~~~~~~~~~~~~~~~~~~~~~~~~~~~~~~~
    + CategoryInfo          : InvalidOperation: (:) [], RuntimeException
    + FullyQualifiedErrorId : InvokeMethodOnNull
 
You cannot call a method on a null-valued expression.
At line:45 char:1
+ $vol.SetMute($true, [System.Guid]::Empty) | Out-Null
+ ~~~~~~~~~~~~~~~~~~~~~~~~~~~~~~~~~~~~~~~~~~~~~~~~~~~~
    + CategoryInfo          : InvalidOperation: (:) [], RuntimeException
    + FullyQualifiedErrorId : InvokeMethodOnNull
2026-04-26 02:49:11,214 [JARVIS.Intent] INFO: Intent matched: mute|unmute
2026-04-26 02:49:12,372 [JARVIS.MediaControl] ERROR: Mute toggle failed: You cannot call a method on a null-valued expression.
At line:41 char:1
+ $enumerator.GetDefaultAudioEndpoint(0, 1, [ref]$device) | Out-Null
+ ~~~~~~~~~~~~~~~~~~~~~~~~~~~~~~~~~~~~~~~~~~~~~~~~~~~~~~~~~~~~~~~~~~
    + CategoryInfo          : InvalidOperation: (:) [], RuntimeException
    + FullyQualifiedErrorId : InvokeMethodOnNull
 
You cannot call a method on a null-valued expression.
At line:43 char:1
+ $device.Activate([System.Guid]"5CDF2C82-841E-4546-9722-0CF74078229A", ...
+ ~~~~~~~~~~~~~~~~~~~~~~~~~~~~~~~~~~~~~~~~~~~~~~~~~~~~~~~~~~~~~~~~~~~~~
    + CategoryInfo          : InvalidOperation: (:) [], RuntimeException
    + FullyQualifiedErrorId : InvokeMethodOnNull
 
You cannot call a method on a null-valued expression.
At line:45 char:1
+ $vol.SetMute($true, [System.Guid]::Empty) | Out-Null
+ ~~~~~~~~~~~~~~~~~~~~~~~~~~~~~~~~~~~~~~~~~~~~~~~~~~~~
    + CategoryInfo          : InvalidOperation: (:) [], RuntimeException
    + FullyQualifiedErrorId : InvokeMethodOnNull
2026-04-26 02:49:20,684 [JARVIS.Intent] INFO: Intent matched: set volume to (\d+)
2026-04-26 02:49:21,207 [JARVIS.MediaControl] ERROR: Volume set failed: You cannot call a method on a null-valued expression.
At line:41 char:1
+ $enumerator.GetDefaultAudioEndpoint(0, 1, [ref]$device) | Out-Null
+ ~~~~~~~~~~~~~~~~~~~~~~~~~~~~~~~~~~~~~~~~~~~~~~~~~~~~~~~~~~~~~~~~~~
    + CategoryInfo          : InvalidOperation: (:) [], RuntimeException
    + FullyQualifiedErrorId : InvokeMethodOnNull
 
You cannot call a method on a null-valued expression.
At line:43 char:1
+ $device.Activate([System.Guid]"5CDF2C82-841E-4546-9722-0CF74078229A", ...
+ ~~~~~~~~~~~~~~~~~~~~~~~~~~~~~~~~~~~~~~~~~~~~~~~~~~~~~~~~~~~~~~~~~~~~~
    + CategoryInfo          : InvalidOperation: (:) [], RuntimeException
    + FullyQualifiedErrorId : InvokeMethodOnNull
 
You cannot call a method on a null-valued expression.
At line:45 char:1
+ $vol.SetMasterVolumeLevelScalar(0.6000, [System.Guid]::Empty) | Out-N ...
+ ~~~~~~~~~~~~~~~~~~~~~~~~~~~~~~~~~~~~~~~~~~~~~~~~~~~~~~~~~~~~~~~~~~~~~
    + CategoryInfo          : InvalidOperation: (:) [], RuntimeException
    + FullyQualifiedErrorId : InvokeMethodOnNull
2026-04-26 02:49:21,207 [JARVIS.MediaControl] INFO: Volume set: 60%
2026-04-26 02:49:39,549 [JARVIS.Intent] INFO: Intent matched: remind me(?: to)? (.+) at (.+)
2026-04-26 02:49:39,550 [JARVIS.Intent] INFO: Intent unresolved for: 'remind me to call client at 4 pm'
2026-04-26 02:49:48,492 [JARVIS.Intent] INFO: Intent matched: (?:move|reschedule|change|push|shift) (.+?)(?: reminder)? (?:to|at|for) (.+)
2026-04-26 02:49:48,492 [JARVIS.Intent] INFO: Intent unresolved for: 'move it to tomorrow'
2026-04-26 02:50:16,054 [JARVIS.Intent] INFO: Intent unresolved for: 'rahul is my client'
2026-04-26 02:50:22,461 [JARVIS.Intent] INFO: Intent unresolved for: 'who is rahul'
2026-04-26 02:50:31,325 [JARVIS.Intent] INFO: Intent matched: open (.+)
2026-04-26 02:50:31,337 [JARVIS.AppControl] INFO: Opened: vscode (C:\Users\umesh\AppData\Local\Programs\Microsoft VS Code\Code.exe)
2026-04-26 02:50:47,468 [JARVIS.Intent] INFO: Intent matched: (?:close|exit|quit|shutdown|shut down)(?: jarvis| assistant)$
2026-04-26 02:50:47,468 [JARVIS] INFO: Assistant shutdown requested.
2026-04-26 02:50:47,845 [JARVIS.WakeWord] INFO: SR fallback exited cleanly.
2026-04-26 02:50:47,846 [JARVIS.WakeWord] INFO: Wake word detector stopped.
2026-04-26 02:50:47,856 [JARVIS] INFO: JARVIS shut down cleanly.
2026-04-26 02:51:50,017 [JARVIS] INFO: Initialising JARVIS…
2026-04-26 02:51:50,041 [JARVIS.TTS] INFO: TTS backend: pyttsx3 (fallback)
2026-04-26 02:51:50,111 [JARVIS.STT] INFO: STT backend: whispercpp
2026-04-26 02:51:50,836 [JARVIS.STT] INFO: STT calibrated — energy threshold: 169
2026-04-26 02:51:50,839 [JARVIS.Context] INFO: New context session: 09bba7a6-c9cd-4d1b-bf22-81c702fb0a76
2026-04-26 02:51:50,853 [JARVIS] INFO: JARVIS initialised — Wake=sr_fallback, TTS=pyttsx3, STT=whispercpp
2026-04-26 02:51:51,855 [JARVIS.Reminder] INFO: Reminder scheduler started.
2026-04-26 02:51:51,855 [JARVIS.Reflection] INFO: Reflection engine started.
2026-04-26 02:51:51,856 [JARVIS.WakeWord] INFO: Wake word detector started (sr_fallback).
2026-04-26 02:51:51,856 [JARVIS] INFO: JARVIS is online.
2026-04-26 02:51:52,134 [comtypes.client._code_cache] INFO: Imported existing <module 'comtypes.gen' from 'C:\\Users\\umesh\\AppData\\Local\\Packages\\PythonSoftwareFoundation.Python.3.13_qbz5n2kfra8p0\\LocalCache\\local-packages\\Python313\\site-packages\\comtypes\\gen\\__init__.py'>
2026-04-26 02:51:52,134 [comtypes.client._code_cache] INFO: Using writeable comtypes cache directory: 'C:\Users\umesh\AppData\Local\Packages\PythonSoftwareFoundation.Python.3.13_qbz5n2kfra8p0\LocalCache\local-packages\Python313\site-packages\comtypes\gen'
2026-04-26 02:51:52,600 [JARVIS.WakeWord] INFO: SR fallback energy threshold: 116
2026-04-26 02:51:52,600 [JARVIS.WakeWord] INFO: SR fallback listening for wake word: 'jarvis'
2026-04-26 02:52:00,146 [JARVIS.Intent] INFO: Intent matched: activate (.+?) mode
2026-04-26 02:52:00,149 [JARVIS.Modes] INFO: Mode activated: standard
2026-04-26 02:52:21,949 [JARVIS.Intent] INFO: Intent matched: open (.+)
2026-04-26 02:52:21,949 [JARVIS.AppControl] WARNING: Configured path for photoshop is missing: C:\Program Files\Adobe\Adobe Photoshop *\Photoshop.exe
2026-04-26 02:52:22,019 [JARVIS.AppControl] INFO: Opened: photoshop (C:\ProgramData\Microsoft\Windows\Start Menu\Programs\Adobe Photoshop (Beta).lnk)
2026-04-26 02:52:40,413 [JARVIS.Intent] INFO: Intent matched: close (.+)
2026-04-26 02:52:41,127 [JARVIS.AppControl] INFO: Closed: Photoshop.exe (pid=24860)
2026-04-26 02:52:51,332 [JARVIS.Intent] INFO: Intent matched: volume up|increase volume|louder
2026-04-26 02:52:52,346 [JARVIS.MediaControl] ERROR: Volume set failed: You cannot call a method on a null-valued expression.
At line:41 char:1
+ $enumerator.GetDefaultAudioEndpoint(0, 1, [ref]$device) | Out-Null
+ ~~~~~~~~~~~~~~~~~~~~~~~~~~~~~~~~~~~~~~~~~~~~~~~~~~~~~~~~~~~~~~~~~~
    + CategoryInfo          : InvalidOperation: (:) [], RuntimeException
    + FullyQualifiedErrorId : InvokeMethodOnNull
 
You cannot call a method on a null-valued expression.
At line:43 char:1
+ $device.Activate([System.Guid]"5CDF2C82-841E-4546-9722-0CF74078229A", ...
+ ~~~~~~~~~~~~~~~~~~~~~~~~~~~~~~~~~~~~~~~~~~~~~~~~~~~~~~~~~~~~~~~~~~~~~
    + CategoryInfo          : InvalidOperation: (:) [], RuntimeException
    + FullyQualifiedErrorId : InvokeMethodOnNull
 
You cannot call a method on a null-valued expression.
At line:45 char:1
+ $vol.SetMasterVolumeLevelScalar(0.1000, [System.Guid]::Empty) | Out-N ...
+ ~~~~~~~~~~~~~~~~~~~~~~~~~~~~~~~~~~~~~~~~~~~~~~~~~~~~~~~~~~~~~~~~~~~~~
    + CategoryInfo          : InvalidOperation: (:) [], RuntimeException
    + FullyQualifiedErrorId : InvokeMethodOnNull
2026-04-26 02:52:52,346 [JARVIS.MediaControl] INFO: Volume up: 0% → 10%
2026-04-26 02:52:59,421 [JARVIS.Intent] INFO: Intent matched: mute|unmute
2026-04-26 02:53:00,379 [JARVIS.MediaControl] ERROR: Mute toggle failed: You cannot call a method on a null-valued expression.
At line:41 char:1
+ $enumerator.GetDefaultAudioEndpoint(0, 1, [ref]$device) | Out-Null
+ ~~~~~~~~~~~~~~~~~~~~~~~~~~~~~~~~~~~~~~~~~~~~~~~~~~~~~~~~~~~~~~~~~~
    + CategoryInfo          : InvalidOperation: (:) [], RuntimeException
    + FullyQualifiedErrorId : InvokeMethodOnNull
 
You cannot call a method on a null-valued expression.
At line:43 char:1
+ $device.Activate([System.Guid]"5CDF2C82-841E-4546-9722-0CF74078229A", ...
+ ~~~~~~~~~~~~~~~~~~~~~~~~~~~~~~~~~~~~~~~~~~~~~~~~~~~~~~~~~~~~~~~~~~~~~
    + CategoryInfo          : InvalidOperation: (:) [], RuntimeException
    + FullyQualifiedErrorId : InvokeMethodOnNull
 
You cannot call a method on a null-valued expression.
At line:45 char:1
+ $vol.SetMute($true, [System.Guid]::Empty) | Out-Null
+ ~~~~~~~~~~~~~~~~~~~~~~~~~~~~~~~~~~~~~~~~~~~~~~~~~~~~
    + CategoryInfo          : InvalidOperation: (:) [], RuntimeException
    + FullyQualifiedErrorId : InvokeMethodOnNull
2026-04-26 02:53:07,500 [JARVIS.Intent] INFO: Intent matched: mute|unmute
2026-04-26 02:53:08,450 [JARVIS.MediaControl] ERROR: Mute toggle failed: You cannot call a method on a null-valued expression.
At line:41 char:1
+ $enumerator.GetDefaultAudioEndpoint(0, 1, [ref]$device) | Out-Null
+ ~~~~~~~~~~~~~~~~~~~~~~~~~~~~~~~~~~~~~~~~~~~~~~~~~~~~~~~~~~~~~~~~~~
    + CategoryInfo          : InvalidOperation: (:) [], RuntimeException
    + FullyQualifiedErrorId : InvokeMethodOnNull
 
You cannot call a method on a null-valued expression.
At line:43 char:1
+ $device.Activate([System.Guid]"5CDF2C82-841E-4546-9722-0CF74078229A", ...
+ ~~~~~~~~~~~~~~~~~~~~~~~~~~~~~~~~~~~~~~~~~~~~~~~~~~~~~~~~~~~~~~~~~~~~~
    + CategoryInfo          : InvalidOperation: (:) [], RuntimeException
    + FullyQualifiedErrorId : InvokeMethodOnNull
 
You cannot call a method on a null-valued expression.
At line:45 char:1
+ $vol.SetMute($true, [System.Guid]::Empty) | Out-Null
+ ~~~~~~~~~~~~~~~~~~~~~~~~~~~~~~~~~~~~~~~~~~~~~~~~~~~~
    + CategoryInfo          : InvalidOperation: (:) [], RuntimeException
    + FullyQualifiedErrorId : InvokeMethodOnNull
2026-04-26 02:53:29,837 [JARVIS.Intent] INFO: Intent matched: set volume to (\d+)
2026-04-26 02:53:30,356 [JARVIS.MediaControl] ERROR: Volume set failed: You cannot call a method on a null-valued expression.
At line:41 char:1
+ $enumerator.GetDefaultAudioEndpoint(0, 1, [ref]$device) | Out-Null
+ ~~~~~~~~~~~~~~~~~~~~~~~~~~~~~~~~~~~~~~~~~~~~~~~~~~~~~~~~~~~~~~~~~~
    + CategoryInfo          : InvalidOperation: (:) [], RuntimeException
    + FullyQualifiedErrorId : InvokeMethodOnNull
 
You cannot call a method on a null-valued expression.
At line:43 char:1
+ $device.Activate([System.Guid]"5CDF2C82-841E-4546-9722-0CF74078229A", ...
+ ~~~~~~~~~~~~~~~~~~~~~~~~~~~~~~~~~~~~~~~~~~~~~~~~~~~~~~~~~~~~~~~~~~~~~
    + CategoryInfo          : InvalidOperation: (:) [], RuntimeException
    + FullyQualifiedErrorId : InvokeMethodOnNull
 
You cannot call a method on a null-valued expression.
At line:45 char:1
+ $vol.SetMasterVolumeLevelScalar(0.6000, [System.Guid]::Empty) | Out-N ...
+ ~~~~~~~~~~~~~~~~~~~~~~~~~~~~~~~~~~~~~~~~~~~~~~~~~~~~~~~~~~~~~~~~~~~~~
    + CategoryInfo          : InvalidOperation: (:) [], RuntimeException
    + FullyQualifiedErrorId : InvokeMethodOnNull
2026-04-26 02:53:30,357 [JARVIS.MediaControl] INFO: Volume set: 60%
2026-04-26 02:53:46,397 [JARVIS.Intent] INFO: Intent matched: close (.+)
2026-04-26 02:53:46,470 [JARVIS.AppControl] INFO: Closed: Discord.exe (pid=14600)
2026-04-26 02:53:46,493 [JARVIS.AppControl] INFO: Closed: Discord.exe (pid=14688)
2026-04-26 02:53:46,521 [JARVIS.AppControl] INFO: Closed: Discord.exe (pid=14824)
2026-04-26 02:53:58,156 [JARVIS.Intent] INFO: Intent matched: remind me(?: to)? (.+) at (.+)
2026-04-26 02:53:58,157 [JARVIS.Intent] INFO: Intent unresolved for: 'remind me to call client at 4 pm'
2026-04-26 02:54:03,851 [JARVIS.Intent] INFO: Intent matched: (?:move|reschedule|change|push|shift) (.+?)(?: reminder)? (?:to|at|for) (.+)
2026-04-26 02:54:03,852 [JARVIS.Intent] INFO: Intent unresolved for: 'move it to tomorrow'
2026-04-26 02:54:17,563 [JARVIS.Intent] INFO: Intent matched: open (.+)
2026-04-26 02:54:17,575 [JARVIS.AppControl] INFO: Opened: vscode (C:\Users\umesh\AppData\Local\Programs\Microsoft VS Code\Code.exe)
2026-04-26 02:54:28,142 [JARVIS.Intent] INFO: Intent unresolved for: 'my editor is photoshop'
2026-04-26 02:54:36,395 [JARVIS.Intent] INFO: Intent matched: open (.+)
2026-04-26 02:54:36,408 [JARVIS.AppControl] WARNING: Could not find app: editor again
2026-04-26 02:54:45,820 [JARVIS.Intent] INFO: Intent matched: open (.+)
2026-04-26 02:54:48,504 [JARVIS.AppControl] ERROR: Failed to open edito (C:\ProgramData\Microsoft\Windows\Start Menu\Programs\Administrative Tools\Registry Editor.lnk): [WinError 1223] The operation was canceled by the user: 'C:\\ProgramData\\Microsoft\\Windows\\Start Menu\\Programs\\Administrative Tools\\Registry Editor.lnk'
2026-04-26 02:54:48,505 [JARVIS.AppControl] WARNING: Could not find app: edito
2026-04-26 02:54:56,556 [JARVIS.Intent] INFO: Intent matched: open (.+)
2026-04-26 02:54:56,567 [JARVIS.AppControl] INFO: Opened: vscode (C:\Users\umesh\AppData\Local\Programs\Microsoft VS Code\Code.exe)
2026-04-26 02:55:13,119 [JARVIS.Intent] INFO: Intent unresolved for: 'exit'
2026-04-26 02:55:20,614 [JARVIS.Intent] INFO: Intent matched: (?:close|exit|quit|shutdown|shut down)(?: jarvis| assistant)$
2026-04-26 02:55:20,614 [JARVIS] INFO: Assistant shutdown requested.
2026-04-26 02:55:20,996 [JARVIS.WakeWord] INFO: SR fallback exited cleanly.
2026-04-26 02:55:20,997 [JARVIS.WakeWord] INFO: Wake word detector stopped.
2026-04-26 02:55:21,005 [JARVIS] INFO: JARVIS shut down cleanly.
2026-04-26 13:33:46,710 [JARVIS] INFO: Initialising JARVIS…
2026-04-26 13:33:46,772 [JARVIS.TTS] INFO: TTS backend: pyttsx3 (fallback)
2026-04-26 13:33:47,225 [JARVIS.STT] INFO: STT backend: whispercpp
2026-04-26 13:33:48,187 [JARVIS.STT] INFO: STT calibrated — energy threshold: 136
2026-04-26 13:33:48,191 [JARVIS.Context] INFO: New context session: dc9e012d-9e69-46b1-890f-cdb3fb623098
2026-04-26 13:33:48,305 [JARVIS] INFO: JARVIS initialised — Wake=sr_fallback, TTS=pyttsx3, STT=whispercpp
2026-04-26 13:33:49,434 [JARVIS.Reminder] INFO: Reminder scheduler started.
2026-04-26 13:33:49,435 [JARVIS.Reflection] INFO: Reflection engine started.
2026-04-26 13:33:49,435 [JARVIS.WakeWord] INFO: Wake word detector started (sr_fallback).
2026-04-26 13:33:49,435 [JARVIS] INFO: JARVIS is online.
2026-04-26 13:33:50,052 [comtypes.client._code_cache] INFO: Imported existing <module 'comtypes.gen' from 'C:\\Users\\umesh\\AppData\\Local\\Packages\\PythonSoftwareFoundation.Python.3.13_qbz5n2kfra8p0\\LocalCache\\local-packages\\Python313\\site-packages\\comtypes\\gen\\__init__.py'>
2026-04-26 13:33:50,052 [comtypes.client._code_cache] INFO: Using writeable comtypes cache directory: 'C:\Users\umesh\AppData\Local\Packages\PythonSoftwareFoundation.Python.3.13_qbz5n2kfra8p0\LocalCache\local-packages\Python313\site-packages\comtypes\gen'
2026-04-26 13:33:50,147 [JARVIS.WakeWord] INFO: SR fallback energy threshold: 118
2026-04-26 13:33:50,148 [JARVIS.WakeWord] INFO: SR fallback listening for wake word: 'jarvis'
2026-04-26 13:33:53,274 [JARVIS.Intent] INFO: Intent matched: volume up|increase volume|louder
2026-04-26 13:33:53,282 [JARVIS.MediaControl] INFO: Volume up: 48% -> 58%
2026-04-26 13:33:55,433 [JARVIS.Intent] INFO: Intent matched: volume up|increase volume|louder
2026-04-26 13:33:55,440 [JARVIS.MediaControl] INFO: Volume up: 58% -> 68%
2026-04-26 13:33:59,977 [JARVIS.Intent] INFO: Intent matched: play(?: music)?(?: (.+))?
2026-04-26 13:34:00,039 [JARVIS.BrowserControl] INFO: Opened URL: https://www.youtube.com/watch?v=jfKfPfyJRdk
2026-04-26 13:34:10,512 [JARVIS.WakeWord] INFO: Wake word paused.
2026-04-26 13:34:59,978 [JARVIS.Intent] INFO: Intent matched: (?:close|exit|quit|shutdown|shut down)(?: jarvis| assistant)$
2026-04-26 13:34:59,978 [JARVIS] INFO: Assistant shutdown requested.
2026-04-26 13:35:00,016 [JARVIS.WakeWord] INFO: SR fallback exited cleanly.
2026-04-26 13:35:00,017 [JARVIS.WakeWord] INFO: Wake word detector stopped.
2026-04-26 13:35:00,095 [JARVIS] INFO: JARVIS shut down cleanly.
2026-04-27 00:08:20,976 [JARVIS] INFO: Initialising JARVIS…
2026-04-27 00:08:21,015 [JARVIS.TTS] INFO: TTS backend: pyttsx3 (fallback)
2026-04-27 00:08:21,245 [JARVIS.STT] INFO: STT backend: whispercpp
2026-04-27 00:08:22,192 [JARVIS.STT] INFO: STT calibrated — energy threshold: 135
2026-04-27 00:08:22,194 [JARVIS.Context] INFO: New context session: 011d1822-3918-40f3-8ffb-f5ec3aadd7c6
2026-04-27 00:08:22,295 [JARVIS] INFO: JARVIS initialised — Wake=sr_fallback, TTS=pyttsx3, STT=whispercpp
2026-04-27 00:08:23,360 [JARVIS.Reminder] INFO: Reminder scheduler started.
2026-04-27 00:08:23,361 [JARVIS.Reflection] INFO: Reflection engine started.
2026-04-27 00:08:23,362 [JARVIS.WakeWord] INFO: Wake word detector started (sr_fallback).
2026-04-27 00:08:23,362 [JARVIS] INFO: JARVIS is online.
2026-04-27 00:08:23,956 [comtypes.client._code_cache] INFO: Imported existing <module 'comtypes.gen' from 'C:\\Users\\umesh\\AppData\\Local\\Packages\\PythonSoftwareFoundation.Python.3.13_qbz5n2kfra8p0\\LocalCache\\local-packages\\Python313\\site-packages\\comtypes\\gen\\__init__.py'>
2026-04-27 00:08:23,957 [comtypes.client._code_cache] INFO: Using writeable comtypes cache directory: 'C:\Users\umesh\AppData\Local\Packages\PythonSoftwareFoundation.Python.3.13_qbz5n2kfra8p0\LocalCache\local-packages\Python313\site-packages\comtypes\gen'
2026-04-27 00:08:24,074 [JARVIS.WakeWord] INFO: SR fallback energy threshold: 119
2026-04-27 00:08:24,075 [JARVIS.WakeWord] INFO: SR fallback listening for wake word: 'jarvis'
2026-04-27 00:09:34,035 [JARVIS.Intent] INFO: Intent matched: ^(?:exit|quit|close)$
2026-04-27 00:09:34,035 [JARVIS] INFO: Assistant shutdown requested.
2026-04-27 00:09:34,343 [JARVIS.WakeWord] INFO: SR fallback exited cleanly.
2026-04-27 00:09:34,343 [JARVIS.WakeWord] INFO: Wake word detector stopped.
2026-04-27 00:09:34,351 [JARVIS] INFO: JARVIS shut down cleanly.
2026-04-27 00:10:05,230 [JARVIS] INFO: Initialising JARVIS…
2026-04-27 00:10:05,237 [JARVIS.TTS] INFO: TTS backend: pyttsx3 (fallback)
2026-04-27 00:10:05,288 [JARVIS.STT] INFO: STT backend: whispercpp
2026-04-27 00:10:05,950 [JARVIS.STT] INFO: STT calibrated — energy threshold: 132
2026-04-27 00:10:05,953 [JARVIS.Context] INFO: New context session: d0ff128b-eaba-4b4d-945d-9801eaf0a00d
2026-04-27 00:10:05,967 [JARVIS] INFO: JARVIS initialised — Wake=sr_fallback, TTS=pyttsx3, STT=whispercpp
2026-04-27 00:10:06,745 [JARVIS.Reminder] INFO: Reminder scheduler started.
2026-04-27 00:10:06,745 [JARVIS.Reflection] INFO: Reflection engine started.
2026-04-27 00:10:06,746 [JARVIS.WakeWord] INFO: Wake word detector started (sr_fallback).
2026-04-27 00:10:06,746 [JARVIS] INFO: JARVIS is online.
2026-04-27 00:10:06,963 [comtypes.client._code_cache] INFO: Imported existing <module 'comtypes.gen' from 'C:\\Users\\umesh\\AppData\\Local\\Packages\\PythonSoftwareFoundation.Python.3.13_qbz5n2kfra8p0\\LocalCache\\local-packages\\Python313\\site-packages\\comtypes\\gen\\__init__.py'>
2026-04-27 00:10:06,964 [comtypes.client._code_cache] INFO: Using writeable comtypes cache directory: 'C:\Users\umesh\AppData\Local\Packages\PythonSoftwareFoundation.Python.3.13_qbz5n2kfra8p0\LocalCache\local-packages\Python313\site-packages\comtypes\gen'
2026-04-27 00:10:07,442 [JARVIS.WakeWord] INFO: SR fallback energy threshold: 119
2026-04-27 00:10:07,442 [JARVIS.WakeWord] INFO: SR fallback listening for wake word: 'jarvis'
2026-04-27 00:12:19,714 [JARVIS.Intent] INFO: Intent matched: ^(?:exit|quit|close)$
2026-04-27 00:12:19,715 [JARVIS] INFO: Assistant shutdown requested.
2026-04-27 00:12:20,052 [JARVIS.WakeWord] INFO: SR fallback exited cleanly.
2026-04-27 00:12:20,052 [JARVIS.WakeWord] INFO: Wake word detector stopped.
2026-04-27 00:12:20,061 [JARVIS] INFO: JARVIS shut down cleanly.
2026-04-27 00:15:39,716 [JARVIS] INFO: Initialising JARVIS…
2026-04-27 00:15:39,788 [JARVIS.TTS] INFO: TTS backend: pyttsx3 (fallback)
2026-04-27 00:15:40,060 [JARVIS.STT] INFO: STT backend: whispercpp
2026-04-27 00:15:40,919 [JARVIS.STT] INFO: STT calibrated — energy threshold: 132
2026-04-27 00:15:40,922 [JARVIS.Context] INFO: New context session: b7473a77-34fe-4712-a12a-4e0b252a1712
2026-04-27 00:15:41,019 [JARVIS] INFO: JARVIS initialised — Wake=sr_fallback, TTS=pyttsx3, STT=whispercpp
2026-04-27 00:15:44,174 [JARVIS.Reminder] INFO: Reminder scheduler started.
2026-04-27 00:15:44,175 [JARVIS.Reflection] INFO: Reflection engine started.
2026-04-27 00:15:44,175 [JARVIS.WakeWord] INFO: Wake word detector started (sr_fallback).
2026-04-27 00:15:44,175 [JARVIS] INFO: JARVIS is online.
2026-04-27 00:15:44,716 [comtypes.client._code_cache] INFO: Imported existing <module 'comtypes.gen' from 'C:\\Users\\umesh\\AppData\\Local\\Packages\\PythonSoftwareFoundation.Python.3.13_qbz5n2kfra8p0\\LocalCache\\local-packages\\Python313\\site-packages\\comtypes\\gen\\__init__.py'>
2026-04-27 00:15:44,716 [comtypes.client._code_cache] INFO: Using writeable comtypes cache directory: 'C:\Users\umesh\AppData\Local\Packages\PythonSoftwareFoundation.Python.3.13_qbz5n2kfra8p0\LocalCache\local-packages\Python313\site-packages\comtypes\gen'
2026-04-27 00:15:44,868 [JARVIS.WakeWord] INFO: SR fallback energy threshold: 115
2026-04-27 00:15:44,868 [JARVIS.WakeWord] INFO: SR fallback listening for wake word: 'jarvis'
2026-04-27 00:15:50,706 [JARVIS.Intent] INFO: Intent matched: volume up|increase volume|louder
2026-04-27 00:15:50,713 [JARVIS.MediaControl] INFO: Volume up: 100% -> 100%
2026-04-27 00:15:52,505 [JARVIS.Intent] INFO: Intent matched: open (.+)
2026-04-27 00:15:52,512 [JARVIS.AppControl] INFO: Opened: chrome (C:\Program Files\Google\Chrome\Application\chrome.exe)
2026-04-27 00:16:44,535 [JARVIS.Intent] INFO: Intent matched: activate (.+?) mode
2026-04-27 00:16:45,369 [JARVIS.SystemControl] INFO: DND enabled
2026-04-27 00:16:45,371 [JARVIS.Modes] INFO: Mode activated: night
2026-04-27 00:16:47,241 [JARVIS.Intent] INFO: Intent matched: activate (.+?) mode
2026-04-27 00:16:47,301 [JARVIS.AppControl] INFO: Closed: Discord.exe (pid=4172)
2026-04-27 00:16:47,320 [JARVIS.AppControl] INFO: Closed: Discord.exe (pid=8508)
2026-04-27 00:16:47,328 [JARVIS.AppControl] INFO: Closed: Discord.exe (pid=12964)
2026-04-27 00:16:47,330 [JARVIS.SystemControl] INFO: DND enabled
2026-04-27 00:16:47,392 [JARVIS.BrowserControl] INFO: Opened URL: https://www.notion.so
2026-04-27 00:16:47,396 [JARVIS.AppControl] INFO: Opened: chrome (C:\Program Files\Google\Chrome\Application\chrome.exe)
2026-04-27 00:16:47,421 [JARVIS.BrowserControl] INFO: Opened URL: https://www.youtube.com/watch?v=jfKfPfyJRdk
2026-04-27 00:16:47,423 [JARVIS.Modes] INFO: Mode activated: study
2026-04-27 00:16:53,961 [JARVIS.Intent] INFO: Intent matched: activate (.+?) mode
2026-04-27 00:16:53,974 [JARVIS.AppControl] INFO: Opened: vscode (C:\Users\umesh\AppData\Local\Programs\Microsoft VS Code\Code.exe)
2026-04-27 00:16:53,978 [JARVIS.AppControl] INFO: Opened: chrome (C:\Program Files\Google\Chrome\Application\chrome.exe)
2026-04-27 00:16:54,001 [JARVIS.BrowserControl] INFO: Opened URL: https://github.com
2026-04-27 00:16:54,052 [JARVIS.BrowserControl] INFO: Opened URL: https://open.spotify.com/playlist/37i9dQZF1DWZeKCadgRdKQ
2026-04-27 00:16:54,060 [JARVIS.Modes] INFO: Mode activated: code
2026-04-27 00:17:08,897 [JARVIS.Intent] INFO: Intent matched: activate (.+?) mode
2026-04-27 00:17:08,899 [JARVIS.Modes] INFO: Mode activated: standard
2026-04-27 00:17:20,402 [JARVIS.Intent] INFO: Intent matched: ^(?:exit|quit|close)$
2026-04-27 00:17:20,402 [JARVIS] INFO: Assistant shutdown requested.
2026-04-27 00:17:20,550 [JARVIS.WakeWord] INFO: SR fallback exited cleanly.
2026-04-27 00:17:20,551 [JARVIS.WakeWord] INFO: Wake word detector stopped.
2026-04-27 00:17:20,560 [JARVIS] INFO: JARVIS shut down cleanly.
2026-04-27 00:17:28,310 [JARVIS] INFO: Initialising JARVIS…
2026-04-27 00:17:28,316 [JARVIS.TTS] INFO: TTS backend: pyttsx3 (fallback)
2026-04-27 00:17:28,375 [JARVIS.STT] INFO: STT backend: whispercpp
2026-04-27 00:17:29,031 [JARVIS.STT] INFO: STT calibrated — energy threshold: 135
2026-04-27 00:17:29,034 [JARVIS.Context] INFO: New context session: 71ca1cb0-d2e1-4250-b83b-2bb813dbf651
2026-04-27 00:17:29,049 [JARVIS] INFO: JARVIS initialised — Wake=sr_fallback, TTS=pyttsx3, STT=whispercpp
2026-04-27 00:17:29,863 [JARVIS.Reminder] INFO: Reminder scheduler started.
2026-04-27 00:17:29,863 [JARVIS.Reflection] INFO: Reflection engine started.
2026-04-27 00:17:29,864 [JARVIS.WakeWord] INFO: Wake word detector started (sr_fallback).
2026-04-27 00:17:29,864 [JARVIS] INFO: JARVIS is online.
2026-04-27 00:17:30,097 [comtypes.client._code_cache] INFO: Imported existing <module 'comtypes.gen' from 'C:\\Users\\umesh\\AppData\\Local\\Packages\\PythonSoftwareFoundation.Python.3.13_qbz5n2kfra8p0\\LocalCache\\local-packages\\Python313\\site-packages\\comtypes\\gen\\__init__.py'>
2026-04-27 00:17:30,098 [comtypes.client._code_cache] INFO: Using writeable comtypes cache directory: 'C:\Users\umesh\AppData\Local\Packages\PythonSoftwareFoundation.Python.3.13_qbz5n2kfra8p0\LocalCache\local-packages\Python313\site-packages\comtypes\gen'
2026-04-27 00:17:30,572 [JARVIS.WakeWord] INFO: SR fallback energy threshold: 115
2026-04-27 00:17:30,573 [JARVIS.WakeWord] INFO: SR fallback listening for wake word: 'jarvis'
2026-04-27 00:17:35,171 [JARVIS.Intent] INFO: Intent matched: play(?: music)?(?: (.+))?
2026-04-27 00:17:35,226 [JARVIS.BrowserControl] INFO: Opened URL: https://www.youtube.com/watch?v=jfKfPfyJRdk
2026-04-27 00:17:56,132 [JARVIS.Intent] INFO: Intent matched: ^take a note$
2026-04-27 00:17:57,993 [JARVIS.Intent] INFO: Intent matched: take a screenshot|screenshot
2026-04-27 00:17:58,274 [JARVIS.SystemControl] INFO: Screenshot saved: C:\Users\umesh\Desktop\JARVIS_Screenshots\screenshot_20260427_001758.png
2026-04-27 00:18:12,913 [JARVIS.Intent] INFO: Intent matched: ^(?:exit|quit|close)$
2026-04-27 00:18:12,913 [JARVIS] INFO: Assistant shutdown requested.
2026-04-27 00:18:13,181 [JARVIS.WakeWord] INFO: SR fallback exited cleanly.
2026-04-27 00:18:13,182 [JARVIS.WakeWord] INFO: Wake word detector stopped.
2026-04-27 00:18:13,193 [JARVIS] INFO: JARVIS shut down cleanly.
2026-04-27 00:18:23,561 [JARVIS] INFO: Initialising JARVIS…
2026-04-27 00:18:23,567 [JARVIS.TTS] INFO: TTS backend: pyttsx3 (fallback)
2026-04-27 00:18:23,619 [JARVIS.STT] INFO: STT backend: whispercpp
2026-04-27 00:18:24,274 [JARVIS.STT] INFO: STT calibrated — energy threshold: 134
2026-04-27 00:18:24,277 [JARVIS.Context] INFO: New context session: c34bcd1e-b2c9-4bc1-b7af-8b94ec3e27d9
2026-04-27 00:18:24,291 [JARVIS] INFO: JARVIS initialised — Wake=sr_fallback, TTS=pyttsx3, STT=whispercpp
2026-04-27 00:18:25,058 [JARVIS.Reminder] INFO: Reminder scheduler started.
2026-04-27 00:18:25,058 [JARVIS.Reflection] INFO: Reflection engine started.
2026-04-27 00:18:25,059 [JARVIS.WakeWord] INFO: Wake word detector started (sr_fallback).
2026-04-27 00:18:25,059 [JARVIS] INFO: JARVIS is online.
2026-04-27 00:18:25,292 [comtypes.client._code_cache] INFO: Imported existing <module 'comtypes.gen' from 'C:\\Users\\umesh\\AppData\\Local\\Packages\\PythonSoftwareFoundation.Python.3.13_qbz5n2kfra8p0\\LocalCache\\local-packages\\Python313\\site-packages\\comtypes\\gen\\__init__.py'>
2026-04-27 00:18:25,293 [comtypes.client._code_cache] INFO: Using writeable comtypes cache directory: 'C:\Users\umesh\AppData\Local\Packages\PythonSoftwareFoundation.Python.3.13_qbz5n2kfra8p0\LocalCache\local-packages\Python313\site-packages\comtypes\gen'
2026-04-27 00:18:25,760 [JARVIS.WakeWord] INFO: SR fallback energy threshold: 116
2026-04-27 00:18:25,761 [JARVIS.WakeWord] INFO: SR fallback listening for wake word: 'jarvis'
2026-04-27 00:18:28,823 [JARVIS.Intent] INFO: Intent matched: activate (.+?) mode
2026-04-27 00:18:28,825 [JARVIS.Modes] INFO: Mode activated: standard
2026-04-27 00:18:35,058 [JARVIS.Intent] INFO: Intent matched: ^(?:exit|quit|close)$
2026-04-27 00:18:35,058 [JARVIS] INFO: Assistant shutdown requested.
2026-04-27 00:18:35,330 [JARVIS.WakeWord] INFO: SR fallback exited cleanly.
2026-04-27 00:18:35,330 [JARVIS.WakeWord] INFO: Wake word detector stopped.
2026-04-27 00:18:35,338 [JARVIS] INFO: JARVIS shut down cleanly.
2026-04-27 00:19:08,815 [JARVIS] INFO: Initialising JARVIS…
2026-04-27 00:19:08,821 [JARVIS.TTS] INFO: TTS backend: pyttsx3 (fallback)
2026-04-27 00:19:08,880 [JARVIS.STT] INFO: STT backend: whispercpp
2026-04-27 00:19:09,535 [JARVIS.STT] INFO: STT calibrated — energy threshold: 134
2026-04-27 00:19:09,537 [JARVIS.Context] INFO: New context session: 399264c5-ff13-45c1-90d3-6476715230ef
2026-04-27 00:19:09,552 [JARVIS] INFO: JARVIS initialised — Wake=sr_fallback, TTS=pyttsx3, STT=whispercpp
2026-04-27 00:19:10,383 [JARVIS.Reminder] INFO: Reminder scheduler started.
2026-04-27 00:19:10,384 [JARVIS.Reflection] INFO: Reflection engine started.
2026-04-27 00:19:10,384 [JARVIS.WakeWord] INFO: Wake word detector started (sr_fallback).
2026-04-27 00:19:10,384 [JARVIS] INFO: JARVIS is online.
2026-04-27 00:19:10,605 [comtypes.client._code_cache] INFO: Imported existing <module 'comtypes.gen' from 'C:\\Users\\umesh\\AppData\\Local\\Packages\\PythonSoftwareFoundation.Python.3.13_qbz5n2kfra8p0\\LocalCache\\local-packages\\Python313\\site-packages\\comtypes\\gen\\__init__.py'>
2026-04-27 00:19:10,605 [comtypes.client._code_cache] INFO: Using writeable comtypes cache directory: 'C:\Users\umesh\AppData\Local\Packages\PythonSoftwareFoundation.Python.3.13_qbz5n2kfra8p0\LocalCache\local-packages\Python313\site-packages\comtypes\gen'
2026-04-27 00:19:11,077 [JARVIS.WakeWord] INFO: SR fallback energy threshold: 115
2026-04-27 00:19:11,078 [JARVIS.WakeWord] INFO: SR fallback listening for wake word: 'jarvis'
2026-04-27 00:19:12,343 [JARVIS.Intent] INFO: Intent matched: activate (.+?) mode
2026-04-27 00:19:12,345 [JARVIS.Modes] INFO: Mode activated: standard
2026-04-27 00:19:25,798 [JARVIS.Trainer] INFO: Trained command: 'jarvis Jai' → [{'type': 'open_app', 'target': 'chrome'}]
2026-04-27 00:19:34,707 [JARVIS.Intent] INFO: Matched trained command: 'jarvis jai'
2026-04-27 00:19:34,707 [JARVIS.Workflow] INFO: Executing step: {'type': 'open_app', 'target': 'chrome'}
2026-04-27 00:19:34,711 [JARVIS.AppControl] INFO: Opened: chrome (C:\Program Files\Google\Chrome\Application\chrome.exe)
2026-04-27 00:19:49,603 [JARVIS.Intent] INFO: Intent matched: ^(?:exit|quit|close)$
2026-04-27 00:19:49,604 [JARVIS] INFO: Assistant shutdown requested.
2026-04-27 00:19:49,975 [JARVIS.WakeWord] INFO: SR fallback exited cleanly.
2026-04-27 00:19:49,975 [JARVIS.WakeWord] INFO: Wake word detector stopped.
2026-04-27 00:19:49,984 [JARVIS] INFO: JARVIS shut down cleanly.
2026-04-27 00:20:13,920 [JARVIS] INFO: Initialising JARVIS…
2026-04-27 00:20:13,926 [JARVIS.TTS] INFO: TTS backend: pyttsx3 (fallback)
2026-04-27 00:20:13,977 [JARVIS.STT] INFO: STT backend: whispercpp
2026-04-27 00:20:14,637 [JARVIS.STT] INFO: STT calibrated — energy threshold: 133
2026-04-27 00:20:14,642 [JARVIS.Context] INFO: New context session: 8b81e711-a787-4ec1-90b9-c584ffdb7289
2026-04-27 00:20:14,657 [JARVIS] INFO: JARVIS initialised — Wake=sr_fallback, TTS=pyttsx3, STT=whispercpp
2026-04-27 00:20:15,509 [JARVIS.Reminder] INFO: Reminder scheduler started.
2026-04-27 00:20:15,509 [JARVIS.Reflection] INFO: Reflection engine started.
2026-04-27 00:20:15,510 [JARVIS.WakeWord] INFO: Wake word detector started (sr_fallback).
2026-04-27 00:20:15,510 [JARVIS] INFO: JARVIS is online.
2026-04-27 00:20:15,743 [comtypes.client._code_cache] INFO: Imported existing <module 'comtypes.gen' from 'C:\\Users\\umesh\\AppData\\Local\\Packages\\PythonSoftwareFoundation.Python.3.13_qbz5n2kfra8p0\\LocalCache\\local-packages\\Python313\\site-packages\\comtypes\\gen\\__init__.py'>
2026-04-27 00:20:15,744 [comtypes.client._code_cache] INFO: Using writeable comtypes cache directory: 'C:\Users\umesh\AppData\Local\Packages\PythonSoftwareFoundation.Python.3.13_qbz5n2kfra8p0\LocalCache\local-packages\Python313\site-packages\comtypes\gen'
2026-04-27 00:20:16,217 [JARVIS.WakeWord] INFO: SR fallback energy threshold: 117
2026-04-27 00:20:16,217 [JARVIS.WakeWord] INFO: SR fallback listening for wake word: 'jarvis'
2026-04-27 00:20:18,647 [JARVIS.Intent] INFO: Intent matched: activate (.+?) mode
2026-04-27 00:20:18,649 [JARVIS.Modes] INFO: Mode activated: standard
2026-04-27 00:20:22,304 [JARVIS.Intent] INFO: Matched trained command: 'jarvis jai'
2026-04-27 00:20:22,304 [JARVIS.Workflow] INFO: Executing step: {'type': 'open_app', 'target': 'chrome'}
2026-04-27 00:20:22,308 [JARVIS.AppControl] INFO: Opened: chrome (C:\Program Files\Google\Chrome\Application\chrome.exe)
2026-04-27 00:21:05,698 [JARVIS.Intent] INFO: Intent matched: ^(?:exit|quit|close)$
2026-04-27 00:21:05,698 [JARVIS] INFO: Assistant shutdown requested.
2026-04-27 00:21:06,042 [JARVIS.WakeWord] INFO: SR fallback exited cleanly.
2026-04-27 00:21:06,043 [JARVIS.WakeWord] INFO: Wake word detector stopped.
2026-04-27 00:21:06,050 [JARVIS] INFO: JARVIS shut down cleanly.
